mode: set
github.com/square/finch/data/rand_int.go:21.29,23.2 1 0
github.com/square/finch/data/rand_int.go:25.36,27.2 1 0
github.com/square/finch/data/rand_int.go:29.37,31.2 1 0
github.com/square/finch/data/rand_int.go:33.54,35.2 1 0
github.com/square/finch/data/rand_int.go:37.60,39.2 1 0
github.com/square/finch/data/rand_int.go:41.49,43.2 1 0
github.com/square/finch/data/rand_int.go:58.70,67.66 2 0
github.com/square/finch/data/rand_int.go:70.2,70.64 1 0
github.com/square/finch/data/rand_int.go:73.2,73.64 1 0
github.com/square/finch/data/rand_int.go:76.2,76.20 1 0
github.com/square/finch/data/rand_int.go:79.2,79.30 1 0
github.com/square/finch/data/rand_int.go:82.2,83.15 2 0
github.com/square/finch/data/rand_int.go:67.66,69.3 1 0
github.com/square/finch/data/rand_int.go:70.64,72.3 1 0
github.com/square/finch/data/rand_int.go:73.64,75.3 1 0
github.com/square/finch/data/rand_int.go:76.20,78.3 1 0
github.com/square/finch/data/rand_int.go:79.30,81.3 1 0
github.com/square/finch/data/rand_int.go:86.28,86.43 1 0
github.com/square/finch/data/rand_int.go:88.35,88.67 1 0
github.com/square/finch/data/rand_int.go:90.36,90.51 1 0
github.com/square/finch/data/rand_int.go:92.53,95.2 2 0
github.com/square/finch/data/rand_int.go:97.59,103.19 3 0
github.com/square/finch/data/rand_int.go:106.2,106.36 1 0
github.com/square/finch/data/rand_int.go:103.19,105.3 1 0
github.com/square/finch/data/rand_int.go:109.48,111.2 1 0
github.com/square/finch/data/rand_int.go:122.73,126.9 2 0
github.com/square/finch/data/rand_int.go:129.2,130.16 2 0
github.com/square/finch/data/rand_int.go:134.2,135.9 2 0
github.com/square/finch/data/rand_int.go:138.2,139.17 2 0
github.com/square/finch/data/rand_int.go:143.2,144.16 2 0
github.com/square/finch/data/rand_int.go:147.2,148.16 2 0
github.com/square/finch/data/rand_int.go:151.2,159.15 3 0
github.com/square/finch/data/rand_int.go:126.9,128.3 1 0
github.com/square/finch/data/rand_int.go:130.16,132.3 1 0
github.com/square/finch/data/rand_int.go:135.9,137.3 1 0
github.com/square/finch/data/rand_int.go:139.17,141.3 1 0
github.com/square/finch/data/rand_int.go:144.16,146.3 1 0
github.com/square/finch/data/rand_int.go:148.16,150.3 1 0
github.com/square/finch/data/rand_int.go:164.29,164.44 1 0
github.com/square/finch/data/rand_int.go:166.36,166.68 1 0
github.com/square/finch/data/rand_int.go:168.37,168.52 1 0
github.com/square/finch/data/rand_int.go:170.54,170.66 1 0
github.com/square/finch/data/rand_int.go:172.49,172.63 1 0
github.com/square/finch/data/rand_int.go:174.60,177.2 2 0
github.com/square/finch/data/rand_str.go:27.46,33.2 1 0
github.com/square/finch/data/rand_str.go:37.30,39.2 1 0
github.com/square/finch/data/rand_str.go:41.37,43.2 1 0
github.com/square/finch/data/rand_str.go:45.38,47.2 1 0
github.com/square/finch/data/rand_str.go:49.55,51.2 1 0
github.com/square/finch/data/rand_str.go:53.61,57.70 3 0
github.com/square/finch/data/rand_str.go:68.2,68.35 1 0
github.com/square/finch/data/rand_str.go:57.70,58.18 1 0
github.com/square/finch/data/rand_str.go:61.3,61.64 1 0
github.com/square/finch/data/rand_str.go:65.3,66.11 2 0
github.com/square/finch/data/rand_str.go:58.18,60.4 1 0
github.com/square/finch/data/rand_str.go:61.64,64.4 2 0
github.com/square/finch/data/rand_str.go:71.49,73.2 1 0
github.com/square/finch/data/scope.go:24.24,30.2 1 1
github.com/square/finch/data/scope.go:32.73,36.15 3 1
github.com/square/finch/data/scope.go:48.2,50.15 3 1
github.com/square/finch/data/scope.go:62.2,62.8 1 1
github.com/square/finch/data/scope.go:66.2,66.26 1 1
github.com/square/finch/data/scope.go:37.29,38.36 1 0
github.com/square/finch/data/scope.go:39.47,43.21 1 0
github.com/square/finch/data/scope.go:44.26,45.21 1 0
github.com/square/finch/data/scope.go:51.30,52.43 1 0
github.com/square/finch/data/scope.go:53.32,54.47 1 0
github.com/square/finch/data/scope.go:55.26,56.37 1 0
github.com/square/finch/data/scope.go:57.23,58.31 1 1
github.com/square/finch/data/scope.go:59.10,60.35 1 0
github.com/square/finch/data/scope.go:62.8,65.3 2 1
github.com/square/finch/data/scope.go:69.25,70.30 1 0
github.com/square/finch/data/scope.go:70.30,71.65 1 0
github.com/square/finch/data/scope.go:74.3,74.26 1 0
github.com/square/finch/data/scope.go:71.65,72.12 1 0
github.com/square/finch/data/seq_int.go:23.76,33.66 2 0
github.com/square/finch/data/seq_int.go:36.2,36.64 1 0
github.com/square/finch/data/seq_int.go:39.2,40.64 2 0
github.com/square/finch/data/seq_int.go:43.2,43.20 1 0
github.com/square/finch/data/seq_int.go:46.2,46.30 1 0
github.com/square/finch/data/seq_int.go:49.2,50.15 2 0
github.com/square/finch/data/seq_int.go:33.66,35.3 1 0
github.com/square/finch/data/seq_int.go:36.64,38.3 1 0
github.com/square/finch/data/seq_int.go:40.64,42.3 1 0
github.com/square/finch/data/seq_int.go:43.20,45.3 1 0
github.com/square/finch/data/seq_int.go:46.30,48.3 1 0
github.com/square/finch/data/seq_int.go:53.31,53.46 1 0
github.com/square/finch/data/seq_int.go:55.38,55.64 1 0
github.com/square/finch/data/seq_int.go:57.39,57.54 1 0
github.com/square/finch/data/seq_int.go:59.56,62.2 2 0
github.com/square/finch/data/seq_int.go:64.62,68.20 4 0
github.com/square/finch/data/seq_int.go:75.2,76.36 2 0
github.com/square/finch/data/seq_int.go:68.20,70.3 1 0
github.com/square/finch/data/seq_int.go:70.8,74.3 3 0
github.com/square/finch/data/seq_int.go:79.51,81.2 1 0
github.com/square/finch/data/seq_int.go:92.63,94.2 1 1
github.com/square/finch/data/seq_int.go:96.29,96.44 1 1
github.com/square/finch/data/seq_int.go:98.36,98.68 1 0
github.com/square/finch/data/seq_int.go:100.37,100.52 1 0
github.com/square/finch/data/seq_int.go:102.54,102.96 1 1
github.com/square/finch/data/seq_int.go:104.60,106.2 1 0
github.com/square/finch/data/seq_int.go:108.49,108.63 1 0
github.com/square/finch/data/column.go:24.52,30.2 1 0
github.com/square/finch/data/column.go:32.26,34.2 1 0
github.com/square/finch/data/column.go:36.33,38.2 1 0
github.com/square/finch/data/column.go:40.34,41.22 1 0
github.com/square/finch/data/column.go:44.2,44.15 1 0
github.com/square/finch/data/column.go:41.22,43.3 1 0
github.com/square/finch/data/column.go:47.51,49.2 1 0
github.com/square/finch/data/column.go:51.57,52.9 1 0
github.com/square/finch/data/column.go:55.2,55.27 1 0
github.com/square/finch/data/column.go:52.9,54.3 1 0
github.com/square/finch/data/column.go:58.46,59.20 1 0
github.com/square/finch/data/column.go:71.2,71.12 1 0
github.com/square/finch/data/column.go:60.14,62.17 2 0
github.com/square/finch/data/column.go:65.3,66.26 2 0
github.com/square/finch/data/column.go:67.10,69.12 2 0
github.com/square/finch/data/column.go:62.17,64.4 1 0
github.com/square/finch/data/column.go:81.23,83.2 1 0
github.com/square/finch/data/column.go:85.30,87.2 1 0
github.com/square/finch/data/column.go:89.31,91.2 1 0
github.com/square/finch/data/column.go:93.48,95.2 1 0
github.com/square/finch/data/column.go:97.54,99.2 1 0
github.com/square/finch/data/column.go:101.43,103.2 1 0
github.com/square/finch/data/generator.go:12.13,21.2 8 1
github.com/square/finch/data/generator.go:41.30,43.2 1 0
github.com/square/finch/data/generator.go:45.41,52.2 5 1
github.com/square/finch/data/generator.go:62.98,63.17 1 0
github.com/square/finch/data/generator.go:66.2,71.14 2 0
github.com/square/finch/data/generator.go:116.2,116.85 1 0
github.com/square/finch/data/generator.go:63.17,65.3 1 0
github.com/square/finch/data/generator.go:72.22,74.33 2 0
github.com/square/finch/data/generator.go:81.3,81.35 1 0
github.com/square/finch/data/generator.go:82.19,83.33 1 0
github.com/square/finch/data/generator.go:84.22,85.36 1 0
github.com/square/finch/data/generator.go:86.24,87.39 1 0
github.com/square/finch/data/generator.go:88.22,90.10 2 0
github.com/square/finch/data/generator.go:93.3,94.17 2 0
github.com/square/finch/data/generator.go:97.3,97.35 1 0
github.com/square/finch/data/generator.go:98.16,99.59 1 0
github.com/square/finch/data/generator.go:100.13,112.25 1 0
github.com/square/finch/data/generator.go:113.21,114.35 1 0
github.com/square/finch/data/generator.go:74.33,76.18 2 0
github.com/square/finch/data/generator.go:79.4,79.11 1 0
github.com/square/finch/data/generator.go:76.18,78.5 1 0
github.com/square/finch/data/generator.go:90.10,92.4 1 0
github.com/square/finch/data/generator.go:94.17,96.4 1 0
github.com/square/finch/data/generator.go:127.45,129.10 2 1
github.com/square/finch/data/generator.go:132.2,133.12 2 1
github.com/square/finch/data/generator.go:129.10,131.3 1 0
github.com/square/finch/data/generator.go:137.86,139.11 2 0
github.com/square/finch/data/generator.go:142.2,142.46 1 0
github.com/square/finch/data/generator.go:139.11,141.3 1 0
github.com/square/finch/data/generator.go:147.85,149.9 2 0
github.com/square/finch/data/generator.go:155.2,156.16 2 0
github.com/square/finch/data/generator.go:159.2,160.12 2 0
github.com/square/finch/data/generator.go:149.9,150.15 1 0
github.com/square/finch/data/generator.go:153.3,153.13 1 0
github.com/square/finch/data/generator.go:150.15,152.4 1 0
github.com/square/finch/data/generator.go:156.16,158.3 1 0
github.com/square/finch/data/rand_id.go:19.25,23.2 1 1
github.com/square/finch/data/rand_id.go:25.23,27.2 1 0
github.com/square/finch/data/rand_id.go:29.31,31.2 1 0
github.com/square/finch/data/rand_id.go:33.48,35.2 1 0
github.com/square/finch/data/rand_id.go:37.54,38.20 1 1
github.com/square/finch/data/rand_id.go:47.2,47.29 1 1
github.com/square/finch/data/rand_id.go:39.23,40.22 1 1
github.com/square/finch/data/rand_id.go:44.10,45.29 1 0
github.com/square/finch/data/rand_id.go:40.22,43.4 2 1
github.com/square/finch/data/rand_id.go:50.43,52.2 1 0
