mode: set
github.com/square/finch/workload/workload.go:30.47,34.12 1 1
github.com/square/finch/workload/workload.go:104.2,104.30 1 1
github.com/square/finch/workload/workload.go:111.2,112.20 2 1
github.com/square/finch/workload/workload.go:140.2,140.20 1 1
github.com/square/finch/workload/workload.go:34.12,35.29 1 1
github.com/square/finch/workload/workload.go:35.29,37.50 2 1
github.com/square/finch/workload/workload.go:37.50,39.44 2 1
github.com/square/finch/workload/workload.go:39.44,47.50 3 1
github.com/square/finch/workload/workload.go:53.6,53.19 1 1
github.com/square/finch/workload/workload.go:47.50,48.55 1 1
github.com/square/finch/workload/workload.go:48.55,50.13 2 0
github.com/square/finch/workload/workload.go:53.19,56.7 2 0
github.com/square/finch/workload/workload.go:58.10,66.5 1 0
github.com/square/finch/workload/workload.go:67.9,73.32 2 1
github.com/square/finch/workload/workload.go:82.3,83.43 1 1
github.com/square/finch/workload/workload.go:73.32,74.37 1 1
github.com/square/finch/workload/workload.go:77.5,79.46 3 1
github.com/square/finch/workload/workload.go:74.37,75.14 1 0
github.com/square/finch/workload/workload.go:83.43,84.42 1 1
github.com/square/finch/workload/workload.go:92.5,96.51 2 0
github.com/square/finch/workload/workload.go:99.5,100.78 2 0
github.com/square/finch/workload/workload.go:84.42,85.33 1 1
github.com/square/finch/workload/workload.go:85.33,86.36 1 1
github.com/square/finch/workload/workload.go:86.36,87.20 1 1
github.com/square/finch/workload/workload.go:96.51,98.6 1 0
github.com/square/finch/workload/workload.go:104.30,105.33 1 1
github.com/square/finch/workload/workload.go:108.3,108.57 1 1
github.com/square/finch/workload/workload.go:105.33,107.4 1 1
github.com/square/finch/workload/workload.go:113.29,118.31 4 1
github.com/square/finch/workload/workload.go:127.3,127.42 1 1
github.com/square/finch/workload/workload.go:128.29,132.31 3 1
github.com/square/finch/workload/workload.go:135.10,137.46 1 0
github.com/square/finch/workload/workload.go:118.31,119.41 1 1
github.com/square/finch/workload/workload.go:125.4,125.48 1 1
github.com/square/finch/workload/workload.go:119.41,124.5 3 1
github.com/square/finch/workload/workload.go:132.31,134.4 1 1
github.com/square/finch/workload/workload.go:143.73,171.24 3 1
github.com/square/finch/workload/workload.go:283.2,283.21 1 1
github.com/square/finch/workload/workload.go:171.24,176.34 4 1
github.com/square/finch/workload/workload.go:176.34,179.55 2 1
github.com/square/finch/workload/workload.go:179.55,192.19 3 1
github.com/square/finch/workload/workload.go:196.5,205.31 3 1
github.com/square/finch/workload/workload.go:219.5,220.49 2 1
github.com/square/finch/workload/workload.go:223.5,227.49 4 1
github.com/square/finch/workload/workload.go:278.5,278.39 1 1
github.com/square/finch/workload/workload.go:192.19,194.6 1 0
github.com/square/finch/workload/workload.go:205.31,207.6 1 0
github.com/square/finch/workload/workload.go:220.49,222.6 1 1
github.com/square/finch/workload/workload.go:227.49,232.56 5 1
github.com/square/finch/workload/workload.go:275.6,275.46 1 1
github.com/square/finch/workload/workload.go:232.56,237.31 4 1
github.com/square/finch/workload/workload.go:251.7,251.32 1 1
github.com/square/finch/workload/workload.go:267.7,267.30 1 1
github.com/square/finch/workload/workload.go:273.7,273.10 1 1
github.com/square/finch/workload/workload.go:237.31,239.44 2 1
github.com/square/finch/workload/workload.go:239.44,240.66 1 1
github.com/square/finch/workload/workload.go:240.66,242.53 2 1
github.com/square/finch/workload/workload.go:242.53,244.11 1 0
github.com/square/finch/workload/workload.go:244.16,246.11 1 1
github.com/square/finch/workload/workload.go:251.32,256.45 2 0
github.com/square/finch/workload/workload.go:256.45,257.37 1 0
github.com/square/finch/workload/workload.go:260.9,260.66 1 0
github.com/square/finch/workload/workload.go:257.37,258.18 1 0
github.com/square/finch/workload/workload.go:260.66,263.10 2 0
github.com/square/finch/workload/workload.go:267.30,271.8 3 0
